Using pre-set license
Built from '2020.3/release' branch; Version is '2020.3.1f1 (77a89f25062f) revision 7841951'; Using compiler version '192528614'; Build Type 'Release'
OS: 'Windows 10 Pro; OS build 19041.928; Version 2004; 64bit' Language: 'ru' Physical Memory: 16332 MB
BatchMode: 1, IsHumanControllingUs: 0, StartBugReporterOnCrash: 0, Is64bit: 1, IsPro: 0

 COMMAND LINE ARGUMENTS:
E:\Unity\2020.3.1f1\Editor\Unity.exe
-adb2
-batchMode
-noUpm
-name
AssetImportWorker0
-projectPath
E:/Unity Projects/Snake
-logFile
Logs/AssetImportWorker0.log
-srvPort
60652
Successfully changed project path to: E:/Unity Projects/Snake
E:/Unity Projects/Snake
Using Asset Import Pipeline V2.
Refreshing native plugins compatible for Editor in 62.34 ms, found 1 plugins.
Preloading 0 native plugins for Editor in 0.00 ms.
Initialize engine version: 2020.3.1f1 (77a89f25062f)
[Subsystems] Discovering subsystems at path E:/Unity/2020.3.1f1/Editor/Data/Resources/UnitySubsystems
[Subsystems] Discovering subsystems at path E:/Unity Projects/Snake/Assets
GfxDevice: creating device client; threaded=0
Direct3D:
    Version:  Direct3D 11.0 [level 11.1]
    Renderer: Radeon RX 560 Series (ID=0x67ef)
    Vendor:   
    VRAM:     4075 MB
    Driver:   27.20.15003.1004
Shader 'Universal Render Pipeline/Particles/Lit': fallback shader 'Universal Render Pipeline/Particles/SimpleLit' not found
Initialize mono
Mono path[0] = 'E:/Unity/2020.3.1f1/Editor/Data/Managed'
Mono path[1] = 'E:/Unity/2020.3.1f1/Editor/Data/MonoBleedingEdge/lib/mono/unityjit'
Mono config path = 'E:/Unity/2020.3.1f1/Editor/Data/MonoBleedingEdge/etc'
Using monoOptions --debugger-agent=transport=dt_socket,embedding=1,server=y,suspend=n,address=127.0.0.1:56856
Begin MonoManager ReloadAssembly
Registering precompiled unity dll's ...
Register platform support module: E:/Unity/2020.3.1f1/Editor/Data/PlaybackEngines/WebGLSupport/UnityEditor.WebGL.Extensions.dll
Register platform support module: E:/Unity/2020.3.1f1/Editor/Data/PlaybackEngines/WindowsStandaloneSupport/UnityEditor.WindowsStandalone.Extensions.dll
Registered in 0.001494 seconds.
Native extension for WindowsStandalone target not found
Native extension for WebGL target not found
Refreshing native plugins compatible for Editor in 58.27 ms, found 1 plugins.
Preloading 0 native plugins for Editor in 0.00 ms.
Invoked RoslynAnalysisRunner static constructor.
RoslynAnalysisRunner will not be running.
RoslynAnalysisRunner has terminated.
Mono: successfully reloaded assembly
- Completed reload, in  1.712 seconds
Platform modules already initialized, skipping
Registering precompiled user dll's ...
Registered in 0.001405 seconds.
Begin MonoManager ReloadAssembly
Native extension for WindowsStandalone target not found
Native extension for WebGL target not found
Refreshing native plugins compatible for Editor in 67.07 ms, found 1 plugins.
Preloading 0 native plugins for Editor in 0.00 ms.
Invoked RoslynAnalysisRunner static constructor.
RoslynAnalysisRunner will not be running.
RoslynAnalysisRunner has terminated.
Mono: successfully reloaded assembly
- Completed reload, in  0.995 seconds
Platform modules already initialized, skipping
========================================================================
Worker process is ready to serve import requests
Shader 'Universal Render Pipeline/Particles/Lit': fallback shader 'Universal Render Pipeline/Particles/SimpleLit' not found
Launched and connected shader compiler UnityShaderCompiler.exe after 0.04 seconds
Refreshing native plugins compatible for Editor in 0.69 ms, found 1 plugins.
Preloading 0 native plugins for Editor in 0.00 ms.
Unloading 3166 Unused Serialized files (Serialized files now loaded: 0)
System memory in use before: 139.5 MB.
System memory in use after: 139.7 MB.

Unloading 22 unused Assets to reduce memory usage. Loaded Objects now: 3621.
Total: 2.473400 ms (FindLiveObjects: 0.417800 ms CreateObjectMapping: 0.103300 ms MarkObjects: 1.881200 ms  DeleteObjects: 0.070000 ms)

========================================================================
Received Import Request.
  path: Assets/Ui/Back arrow 2.png
  artifactKey: Guid(a631fcfa6f4d6c8488680ab1417f8f46) Importer(815301076,1909f56bfc062723c751e8b465ee728b)
Start importing Assets/Ui/Back arrow 2.png using Guid(a631fcfa6f4d6c8488680ab1417f8f46) Importer(815301076,1909f56bfc062723c751e8b465ee728b)  -> (artifact id: '76378b2bce776e4c6bdfb1d46121f41d') in 0.144968 seconds
  Import took 0.150640 seconds .

========================================================================
Received Import Request.
  Time since last request: 0.000194 seconds.
  path: Assets/Ui/Settings Button.png
  artifactKey: Guid(320870f836270004a8e9d7708d42e649) Importer(815301076,1909f56bfc062723c751e8b465ee728b)
Start importing Assets/Ui/Settings Button.png using Guid(320870f836270004a8e9d7708d42e649) Importer(815301076,1909f56bfc062723c751e8b465ee728b)  -> (artifact id: '5161423472a8c55f4cc110c98f3f9ce9') in 0.010465 seconds
  Import took 0.015145 seconds .

========================================================================
Received Import Request.
  Time since last request: 0.000163 seconds.
  path: Assets/Ui/Back Button.png
  artifactKey: Guid(e44961f1c0b2d5b428869b75336b2435) Importer(815301076,1909f56bfc062723c751e8b465ee728b)
Start importing Assets/Ui/Back Button.png using Guid(e44961f1c0b2d5b428869b75336b2435) Importer(815301076,1909f56bfc062723c751e8b465ee728b)  -> (artifact id: '0c030f334d7183a9fc14aacca5f3757f') in 0.016322 seconds
  Import took 0.021247 seconds .

========================================================================
Received Import Request.
  Time since last request: 0.000166 seconds.
  path: Assets/Ui/Red button.png
  artifactKey: Guid(40e2291216c4e5d49927a2fb35c30747) Importer(815301076,1909f56bfc062723c751e8b465ee728b)
Start importing Assets/Ui/Red button.png using Guid(40e2291216c4e5d49927a2fb35c30747) Importer(815301076,1909f56bfc062723c751e8b465ee728b)  -> (artifact id: 'a87beff900c1b0a97f18a5ffd3dfc278') in 0.009202 seconds
  Import took 0.013970 seconds .

========================================================================
Received Import Request.
  Time since last request: 0.000156 seconds.
  path: Assets/Ui/Back arrow.png
  artifactKey: Guid(92a83054eec37074b96988b4ee834b2f) Importer(815301076,1909f56bfc062723c751e8b465ee728b)
Start importing Assets/Ui/Back arrow.png using Guid(92a83054eec37074b96988b4ee834b2f) Importer(815301076,1909f56bfc062723c751e8b465ee728b)  -> (artifact id: 'd8b427c8329b6ee638e494d0b0e68216') in 0.016134 seconds
  Import took 0.020531 seconds .

========================================================================
Received Import Request.
  Time since last request: 0.000152 seconds.
  path: Assets/Ui/UI Button 2 0.png
  artifactKey: Guid(0669b2362c0fb8645ae76cf6601d163b) Importer(815301076,1909f56bfc062723c751e8b465ee728b)
Start importing Assets/Ui/UI Button 2 0.png using Guid(0669b2362c0fb8645ae76cf6601d163b) Importer(815301076,1909f56bfc062723c751e8b465ee728b)  -> (artifact id: '62a7d15fd5e1c2686225130b40570d31') in 0.009931 seconds
  Import took 0.014336 seconds .

========================================================================
Received Import Request.
  Time since last request: 0.000155 seconds.
  path: Assets/Ui/Button 4.png
  artifactKey: Guid(6231cf793d24119409fcc9226d58ed12) Importer(815301076,1909f56bfc062723c751e8b465ee728b)
Start importing Assets/Ui/Button 4.png using Guid(6231cf793d24119409fcc9226d58ed12) Importer(815301076,1909f56bfc062723c751e8b465ee728b)  -> (artifact id: '5a585d61761f58fd19e29bf14086ff08') in 0.012837 seconds
  Import took 0.017111 seconds .

========================================================================
Received Import Request.
  Time since last request: 0.000153 seconds.
  path: Assets/Ui/BACKTO1982.TTF
  artifactKey: Guid(3bf280078864c1542b2254c3e694c1f4) Importer(815301076,1909f56bfc062723c751e8b465ee728b)
Start importing Assets/Ui/BACKTO1982.TTF using Guid(3bf280078864c1542b2254c3e694c1f4) Importer(815301076,1909f56bfc062723c751e8b465ee728b)  -> (artifact id: '309498f52c73ec97de8b698cc0d9f361') in 0.151532 seconds
  Import took 0.156040 seconds .

========================================================================
Received Import Request.
  Time since last request: 0.000162 seconds.
  path: Assets/Ui/Yellow Buttob.png
  artifactKey: Guid(8e779c3e45a503d4e9b8aac659d83ad2) Importer(815301076,1909f56bfc062723c751e8b465ee728b)
Start importing Assets/Ui/Yellow Buttob.png using Guid(8e779c3e45a503d4e9b8aac659d83ad2) Importer(815301076,1909f56bfc062723c751e8b465ee728b)  -> (artifact id: '63ee2c359b97deabbf3106e19f25e61c') in 0.013640 seconds
  Import took 0.017932 seconds .

========================================================================
Received Import Request.
  Time since last request: 0.000194 seconds.
  path: Assets/Ui/UI Play button.png
  artifactKey: Guid(5fc50ca2c1530fc469390c2bafe1c952) Importer(815301076,1909f56bfc062723c751e8b465ee728b)
Start importing Assets/Ui/UI Play button.png using Guid(5fc50ca2c1530fc469390c2bafe1c952) Importer(815301076,1909f56bfc062723c751e8b465ee728b)  -> (artifact id: '84f9c83339d6e007002daabd74be5ce1') in 0.011642 seconds
  Import took 0.016124 seconds .

========================================================================
Received Import Request.
  Time since last request: 0.000186 seconds.
  path: Assets/Ui/Back arrow 1.png
  artifactKey: Guid(b238d7fa185685744ada177dd9782d2f) Importer(815301076,1909f56bfc062723c751e8b465ee728b)
Start importing Assets/Ui/Back arrow 1.png using Guid(b238d7fa185685744ada177dd9782d2f) Importer(815301076,1909f56bfc062723c751e8b465ee728b)  -> (artifact id: '9aa423e5471a1ecee476e0ba6dae1add') in 0.011229 seconds
  Import took 0.016064 seconds .

========================================================================
Received Import Request.
  Time since last request: 0.000206 seconds.
  path: Assets/Ui/Play.png
  artifactKey: Guid(b5a610fad8dfef643ba012491e22d9de) Importer(815301076,1909f56bfc062723c751e8b465ee728b)
Start importing Assets/Ui/Play.png using Guid(b5a610fad8dfef643ba012491e22d9de) Importer(815301076,1909f56bfc062723c751e8b465ee728b)  -> (artifact id: 'dda01fef0769e9dc7286b15cef8b0d0f') in 0.013636 seconds
  Import took 0.018874 seconds .

========================================================================
Received Import Request.
  Time since last request: 0.000176 seconds.
  path: Assets/Ui/Movement button .png
  artifactKey: Guid(74c4364918720f64ba138aafae51471a) Importer(815301076,1909f56bfc062723c751e8b465ee728b)
Start importing Assets/Ui/Movement button .png using Guid(74c4364918720f64ba138aafae51471a) Importer(815301076,1909f56bfc062723c751e8b465ee728b)  -> (artifact id: 'd76a98be64f2c764059edbe1b9af596e') in 0.008859 seconds
  Import took 0.013950 seconds .

========================================================================
Received Import Request.
  Time since last request: 0.000147 seconds.
  path: Assets/Ui/Movement button1 .png
  artifactKey: Guid(57383ac753bff6142bbdf66cd3cd7802) Importer(815301076,1909f56bfc062723c751e8b465ee728b)
Start importing Assets/Ui/Movement button1 .png using Guid(57383ac753bff6142bbdf66cd3cd7802) Importer(815301076,1909f56bfc062723c751e8b465ee728b)  -> (artifact id: 'f4f36c029ae046f772d756f8e8c707eb') in 0.016305 seconds
  Import took 0.021460 seconds .

========================================================================
Received Import Request.
  Time since last request: 0.000245 seconds.
  path: Assets/Ui/GreenButton.png
  artifactKey: Guid(8bd6c69adecae3440929fb8bc7b16dbd) Importer(815301076,1909f56bfc062723c751e8b465ee728b)
Start importing Assets/Ui/GreenButton.png using Guid(8bd6c69adecae3440929fb8bc7b16dbd) Importer(815301076,1909f56bfc062723c751e8b465ee728b)  -> (artifact id: '5e4e181357be4917c3605c2105702a05') in 0.010311 seconds
  Import took 0.015920 seconds .

========================================================================
Received Import Request.
  Time since last request: 0.000175 seconds.
  path: Assets/Ui/Play2.png
  artifactKey: Guid(3cbdfcaeec2e40f41976398eafd39ae3) Importer(815301076,1909f56bfc062723c751e8b465ee728b)
Start importing Assets/Ui/Play2.png using Guid(3cbdfcaeec2e40f41976398eafd39ae3) Importer(815301076,1909f56bfc062723c751e8b465ee728b)  -> (artifact id: '002d1504560b146bf181535793f9898e') in 0.011331 seconds
  Import took 0.016791 seconds .

========================================================================
Received Import Request.
  Time since last request: 0.000199 seconds.
  path: Assets/Ui/Play button 1.png
  artifactKey: Guid(5c40c22dd5a72b04888c125950b45da6) Importer(815301076,1909f56bfc062723c751e8b465ee728b)
Start importing Assets/Ui/Play button 1.png using Guid(5c40c22dd5a72b04888c125950b45da6) Importer(815301076,1909f56bfc062723c751e8b465ee728b)  -> (artifact id: '654353bbc8d685f45792e05c2b87a987') in 0.012575 seconds
  Import took 0.017536 seconds .

========================================================================
Received Import Request.
  Time since last request: 0.000166 seconds.
  path: Assets/Ui/UI button.png
  artifactKey: Guid(a4fbe4a1123f82c4a92788b8bf85c0cc) Importer(815301076,1909f56bfc062723c751e8b465ee728b)
Start importing Assets/Ui/UI button.png using Guid(a4fbe4a1123f82c4a92788b8bf85c0cc) Importer(815301076,1909f56bfc062723c751e8b465ee728b)  -> (artifact id: '363f5ebf735add6db937fcca8e6e568e') in 0.012363 seconds
  Import took 0.016940 seconds .

========================================================================
Received Import Request.
  Time since last request: 0.000185 seconds.
  path: Assets/Ui/Ui frame.png
  artifactKey: Guid(f034066621b620e46b2e3b8d5a60dc65) Importer(815301076,1909f56bfc062723c751e8b465ee728b)
Start importing Assets/Ui/Ui frame.png using Guid(f034066621b620e46b2e3b8d5a60dc65) Importer(815301076,1909f56bfc062723c751e8b465ee728b)  -> (artifact id: '6380db609f6770e508f92b4c0c5a2984') in 0.016735 seconds
  Import took 0.021089 seconds .

========================================================================
Received Prepare
Shader 'Universal Render Pipeline/Particles/Lit': fallback shader 'Universal Render Pipeline/Particles/SimpleLit' not found
Refreshing native plugins compatible for Editor in 1.87 ms, found 1 plugins.
Preloading 0 native plugins for Editor in 0.00 ms.
Unloading 7 Unused Serialized files (Serialized files now loaded: 0)
System memory in use before: 77.1 MB.
System memory in use after: 77.3 MB.

Unloading 7 unused Assets to reduce memory usage. Loaded Objects now: 3731.
Total: 2.860500 ms (FindLiveObjects: 0.395000 ms CreateObjectMapping: 0.081300 ms MarkObjects: 2.367200 ms  DeleteObjects: 0.016400 ms)

========================================================================
Received Prepare
Shader 'Universal Render Pipeline/Particles/Lit': fallback shader 'Universal Render Pipeline/Particles/SimpleLit' not found
Refreshing native plugins compatible for Editor in 1.92 ms, found 1 plugins.
Preloading 0 native plugins for Editor in 0.00 ms.
Unloading 7 Unused Serialized files (Serialized files now loaded: 0)
System memory in use before: 77.1 MB.
System memory in use after: 77.3 MB.

Unloading 7 unused Assets to reduce memory usage. Loaded Objects now: 3731.
Total: 3.334800 ms (FindLiveObjects: 0.416200 ms CreateObjectMapping: 0.085800 ms MarkObjects: 2.813700 ms  DeleteObjects: 0.017900 ms)

========================================================================
Received Prepare
Shader 'Universal Render Pipeline/Particles/Lit': fallback shader 'Universal Render Pipeline/Particles/SimpleLit' not found
Refreshing native plugins compatible for Editor in 2.03 ms, found 1 plugins.
Preloading 0 native plugins for Editor in 0.00 ms.
Unloading 7 Unused Serialized files (Serialized files now loaded: 0)
System memory in use before: 77.1 MB.
System memory in use after: 77.3 MB.

Unloading 7 unused Assets to reduce memory usage. Loaded Objects now: 3731.
Total: 3.177500 ms (FindLiveObjects: 0.648500 ms CreateObjectMapping: 0.081000 ms MarkObjects: 2.426400 ms  DeleteObjects: 0.019300 ms)

========================================================================
Received Prepare
Shader 'Universal Render Pipeline/Particles/Lit': fallback shader 'Universal Render Pipeline/Particles/SimpleLit' not found
Refreshing native plugins compatible for Editor in 1.87 ms, found 1 plugins.
Preloading 0 native plugins for Editor in 0.00 ms.
Unloading 7 Unused Serialized files (Serialized files now loaded: 0)
System memory in use before: 77.1 MB.
System memory in use after: 77.3 MB.

Unloading 7 unused Assets to reduce memory usage. Loaded Objects now: 3731.
Total: 4.794300 ms (FindLiveObjects: 0.608200 ms CreateObjectMapping: 0.090600 ms MarkObjects: 4.064400 ms  DeleteObjects: 0.029400 ms)

========================================================================
Received Prepare
Shader 'Universal Render Pipeline/Particles/Lit': fallback shader 'Universal Render Pipeline/Particles/SimpleLit' not found
Refreshing native plugins compatible for Editor in 1.87 ms, found 1 plugins.
Preloading 0 native plugins for Editor in 0.00 ms.
Unloading 7 Unused Serialized files (Serialized files now loaded: 0)
System memory in use before: 77.1 MB.
System memory in use after: 77.3 MB.

Unloading 7 unused Assets to reduce memory usage. Loaded Objects now: 3731.
Total: 2.808800 ms (FindLiveObjects: 0.345700 ms CreateObjectMapping: 0.081700 ms MarkObjects: 2.362500 ms  DeleteObjects: 0.017600 ms)

========================================================================
Received Import Request.
  Time since last request: 1148.667970 seconds.
  path: Assets/Scenes/Level1.unity
  artifactKey: Guid(0c9818635eed6ea4387f5d2e194f00c0) Importer(815301076,1909f56bfc062723c751e8b465ee728b)
Start importing Assets/Scenes/Level1.unity using Guid(0c9818635eed6ea4387f5d2e194f00c0) Importer(815301076,1909f56bfc062723c751e8b465ee728b)  -> (artifact id: '36926c8f25b296a401edbda9865a7abe') in 0.007493 seconds
  Import took 0.013611 seconds .

========================================================================
Received Prepare
Shader 'Universal Render Pipeline/Particles/Lit': fallback shader 'Universal Render Pipeline/Particles/SimpleLit' not found
Refreshing native plugins compatible for Editor in 2.18 ms, found 1 plugins.
Preloading 0 native plugins for Editor in 0.00 ms.
Unloading 7 Unused Serialized files (Serialized files now loaded: 0)
System memory in use before: 77.1 MB.
System memory in use after: 77.3 MB.

Unloading 7 unused Assets to reduce memory usage. Loaded Objects now: 3731.
Total: 3.118300 ms (FindLiveObjects: 0.386800 ms CreateObjectMapping: 0.084200 ms MarkObjects: 2.630800 ms  DeleteObjects: 0.015300 ms)

========================================================================
Received Prepare
Registering precompiled user dll's ...
Registered in 0.002351 seconds.
Begin MonoManager ReloadAssembly
Native extension for WindowsStandalone target not found
Native extension for WebGL target not found
Refreshing native plugins compatible for Editor in 0.71 ms, found 1 plugins.
Preloading 0 native plugins for Editor in 0.00 ms.
Invoked RoslynAnalysisRunner static constructor.
RoslynAnalysisRunner will not be running.
RoslynAnalysisRunner has terminated.
Mono: successfully reloaded assembly
- Completed reload, in  0.981 seconds
Platform modules already initialized, skipping
Shader 'Universal Render Pipeline/Particles/Lit': fallback shader 'Universal Render Pipeline/Particles/SimpleLit' not found
Refreshing native plugins compatible for Editor in 0.68 ms, found 1 plugins.
Preloading 0 native plugins for Editor in 0.00 ms.
Unloading 3035 Unused Serialized files (Serialized files now loaded: 0)
System memory in use before: 137.5 MB.
System memory in use after: 137.7 MB.

Unloading 11 unused Assets to reduce memory usage. Loaded Objects now: 3713.
Total: 3.016400 ms (FindLiveObjects: 0.511600 ms CreateObjectMapping: 0.089100 ms MarkObjects: 2.396300 ms  DeleteObjects: 0.018300 ms)

========================================================================
Received Prepare
Shader 'Universal Render Pipeline/Particles/Lit': fallback shader 'Universal Render Pipeline/Particles/SimpleLit' not found
Refreshing native plugins compatible for Editor in 2.00 ms, found 1 plugins.
Preloading 0 native plugins for Editor in 0.00 ms.
Unloading 7 Unused Serialized files (Serialized files now loaded: 0)
System memory in use before: 77.7 MB.
System memory in use after: 77.9 MB.

Unloading 7 unused Assets to reduce memory usage. Loaded Objects now: 3713.
Total: 2.840200 ms (FindLiveObjects: 0.464900 ms CreateObjectMapping: 0.083200 ms MarkObjects: 2.270200 ms  DeleteObjects: 0.020800 ms)

========================================================================
Received Prepare
Shader 'Universal Render Pipeline/Particles/Lit': fallback shader 'Universal Render Pipeline/Particles/SimpleLit' not found
Refreshing native plugins compatible for Editor in 1.89 ms, found 1 plugins.
Preloading 0 native plugins for Editor in 0.00 ms.
Unloading 7 Unused Serialized files (Serialized files now loaded: 0)
System memory in use before: 77.7 MB.
System memory in use after: 77.9 MB.

Unloading 7 unused Assets to reduce memory usage. Loaded Objects now: 3713.
Total: 2.931400 ms (FindLiveObjects: 0.741300 ms CreateObjectMapping: 0.099800 ms MarkObjects: 2.072100 ms  DeleteObjects: 0.016100 ms)

========================================================================
Received Prepare
Shader 'Universal Render Pipeline/Particles/Lit': fallback shader 'Universal Render Pipeline/Particles/SimpleLit' not found
Refreshing native plugins compatible for Editor in 1.93 ms, found 1 plugins.
Preloading 0 native plugins for Editor in 0.00 ms.
Unloading 7 Unused Serialized files (Serialized files now loaded: 0)
System memory in use before: 77.7 MB.
System memory in use after: 77.9 MB.

Unloading 7 unused Assets to reduce memory usage. Loaded Objects now: 3713.
Total: 2.890800 ms (FindLiveObjects: 0.540100 ms CreateObjectMapping: 0.098500 ms MarkObjects: 2.233400 ms  DeleteObjects: 0.017700 ms)

AssetImportParameters requested are different than current active one (requested -> active):
  colorSpace: 1 -> 0
========================================================================
Received Prepare
Shader 'Universal Render Pipeline/Particles/Lit': fallback shader 'Universal Render Pipeline/Particles/SimpleLit' not found
Refreshing native plugins compatible for Editor in 2.07 ms, found 1 plugins.
Preloading 0 native plugins for Editor in 0.00 ms.
Unloading 7 Unused Serialized files (Serialized files now loaded: 0)
System memory in use before: 77.7 MB.
System memory in use after: 77.9 MB.

Unloading 7 unused Assets to reduce memory usage. Loaded Objects now: 3713.
Total: 2.700200 ms (FindLiveObjects: 0.426800 ms CreateObjectMapping: 0.081800 ms MarkObjects: 2.174300 ms  DeleteObjects: 0.016500 ms)

========================================================================
Received Prepare
Shader 'Universal Render Pipeline/Particles/Lit': fallback shader 'Universal Render Pipeline/Particles/SimpleLit' not found
Refreshing native plugins compatible for Editor in 1.93 ms, found 1 plugins.
Preloading 0 native plugins for Editor in 0.00 ms.
Unloading 7 Unused Serialized files (Serialized files now loaded: 0)
System memory in use before: 77.7 MB.
System memory in use after: 77.9 MB.

Unloading 7 unused Assets to reduce memory usage. Loaded Objects now: 3713.
Total: 3.957400 ms (FindLiveObjects: 0.580000 ms CreateObjectMapping: 0.104900 ms MarkObjects: 3.250400 ms  DeleteObjects: 0.020600 ms)

========================================================================
Received Prepare
Shader 'Universal Render Pipeline/Particles/Lit': fallback shader 'Universal Render Pipeline/Particles/SimpleLit' not found
Refreshing native plugins compatible for Editor in 1.83 ms, found 1 plugins.
Preloading 0 native plugins for Editor in 0.00 ms.
Unloading 7 Unused Serialized files (Serialized files now loaded: 0)
System memory in use before: 77.7 MB.
System memory in use after: 77.9 MB.

Unloading 7 unused Assets to reduce memory usage. Loaded Objects now: 3713.
Total: 2.453600 ms (FindLiveObjects: 0.412300 ms CreateObjectMapping: 0.078800 ms MarkObjects: 1.950500 ms  DeleteObjects: 0.011100 ms)

========================================================================
Received Prepare
Shader 'Universal Render Pipeline/Particles/Lit': fallback shader 'Universal Render Pipeline/Particles/SimpleLit' not found
Refreshing native plugins compatible for Editor in 2.05 ms, found 1 plugins.
Preloading 0 native plugins for Editor in 0.00 ms.
Unloading 7 Unused Serialized files (Serialized files now loaded: 0)
System memory in use before: 77.7 MB.
System memory in use after: 77.9 MB.

Unloading 7 unused Assets to reduce memory usage. Loaded Objects now: 3713.
Total: 2.640000 ms (FindLiveObjects: 0.352200 ms CreateObjectMapping: 0.080500 ms MarkObjects: 2.187700 ms  DeleteObjects: 0.018400 ms)

AssetImportParameters requested are different than current active one (requested -> active):
  colorSpace: 1 -> 0
========================================================================
Received Prepare
Registering precompiled user dll's ...
Registered in 0.001685 seconds.
Begin MonoManager ReloadAssembly
Native extension for WindowsStandalone target not found
Native extension for WebGL target not found
Refreshing native plugins compatible for Editor in 0.73 ms, found 1 plugins.
Preloading 0 native plugins for Editor in 0.00 ms.
Invoked RoslynAnalysisRunner static constructor.
RoslynAnalysisRunner will not be running.
RoslynAnalysisRunner has terminated.
Mono: successfully reloaded assembly
- Completed reload, in  0.977 seconds
Platform modules already initialized, skipping
Switching build target platform(20) subTarget(589825) extendedPlatform(0) -> platform(20) subTarget(524289) extendedPlatform(0)
Shader 'Universal Render Pipeline/Particles/Lit': fallback shader 'Universal Render Pipeline/Particles/SimpleLit' not found
Refreshing native plugins compatible for Editor in 0.71 ms, found 1 plugins.
Preloading 0 native plugins for Editor in 0.00 ms.
Unloading 3035 Unused Serialized files (Serialized files now loaded: 0)
System memory in use before: 137.7 MB.
System memory in use after: 137.9 MB.

Unloading 11 unused Assets to reduce memory usage. Loaded Objects now: 3716.
Total: 3.456600 ms (FindLiveObjects: 0.741200 ms CreateObjectMapping: 0.111700 ms MarkObjects: 2.578400 ms  DeleteObjects: 0.023900 ms)

AssetImportParameters requested are different than current active one (requested -> active):
  buildTarget: platform 20, subtarget 524289, extendedPlatform 0 -> platform 20, subtarget 589825, extendedPlatform 0
  colorSpace: 1 -> 0
  graphicsApiMask: 2048 -> 2304
========================================================================
Received Prepare
Switching build target platform(20) subTarget(589825) extendedPlatform(0) -> platform(20) subTarget(524289) extendedPlatform(0)
Shader 'Universal Render Pipeline/Particles/Lit': fallback shader 'Universal Render Pipeline/Particles/SimpleLit' not found
Refreshing native plugins compatible for Editor in 2.05 ms, found 1 plugins.
Preloading 0 native plugins for Editor in 0.00 ms.
Unloading 7 Unused Serialized files (Serialized files now loaded: 0)
System memory in use before: 77.8 MB.
System memory in use after: 78.1 MB.

Unloading 7 unused Assets to reduce memory usage. Loaded Objects now: 3716.
Total: 2.903000 ms (FindLiveObjects: 0.463000 ms CreateObjectMapping: 0.083900 ms MarkObjects: 2.338400 ms  DeleteObjects: 0.016300 ms)

AssetImportParameters requested are different than current active one (requested -> active):
  buildTarget: platform 20, subtarget 524289, extendedPlatform 0 -> platform 20, subtarget 589825, extendedPlatform 0
  colorSpace: 1 -> 0
  graphicsApiMask: 2048 -> 2304
========================================================================
Received Prepare
Shader 'Universal Render Pipeline/Particles/Lit': fallback shader 'Universal Render Pipeline/Particles/SimpleLit' not found
Refreshing native plugins compatible for Editor in 1.85 ms, found 1 plugins.
Preloading 0 native plugins for Editor in 0.00 ms.
Unloading 7 Unused Serialized files (Serialized files now loaded: 0)
System memory in use before: 76.4 MB.
System memory in use after: 76.7 MB.

Unloading 7 unused Assets to reduce memory usage. Loaded Objects now: 3716.
Total: 3.737600 ms (FindLiveObjects: 0.518500 ms CreateObjectMapping: 0.096300 ms MarkObjects: 3.102300 ms  DeleteObjects: 0.019200 ms)

========================================================================
Received Prepare
Shader 'Universal Render Pipeline/Particles/Lit': fallback shader 'Universal Render Pipeline/Particles/SimpleLit' not found
Refreshing native plugins compatible for Editor in 2.39 ms, found 1 plugins.
Preloading 0 native plugins for Editor in 0.00 ms.
Unloading 7 Unused Serialized files (Serialized files now loaded: 0)
System memory in use before: 76.4 MB.
System memory in use after: 76.7 MB.

Unloading 7 unused Assets to reduce memory usage. Loaded Objects now: 3716.
Total: 3.785600 ms (FindLiveObjects: 1.194100 ms CreateObjectMapping: 0.224800 ms MarkObjects: 2.344100 ms  DeleteObjects: 0.020900 ms)

AssetImportWorkerClient::OnTransportError - code=2 error=End of file
